ec2_report_list_dict.py - 2023-08-05 21:16:37,035 - INFO - our list is: [{'image_id': 'ami-0261755bbcb8c4a84', 'instance_id': 'i-08273b1d02a3af6c5', 'instance_type': 't2.micro', 'private_dns_name': 'ip-10-0-15-172.ec2.internal', 'private_ip_address': '10.0.15.172', 'public_dns_name': '', 'public_ip_address': '', 'subnet_id': 'subnet-08dcd85a7a59e5aba', 'vpc_id': 'vpc-014cde1049dfb74fd', 'placement': 'us-east-1a', 'tags': {'Name': 'ANSIBLE-CONTROLLER-UBUNTU'}}, {'image_id': 'ami-0261755bbcb8c4a84', 'instance_id': 'i-0cf714d530a802890', 'instance_type': 't2.micro', 'private_dns_name': 'ip-10-0-6-53.ec2.internal', 'private_ip_address': '10.0.6.53', 'public_dns_name': '', 'public_ip_address': '', 'subnet_id': 'subnet-08dcd85a7a59e5aba', 'vpc_id': 'vpc-014cde1049dfb74fd', 'placement': 'us-east-1a', 'tags': {'Name': 'Ubuntu-docker-jenkins-client-1'}}, {'image_id': 'ami-0261755bbcb8c4a84', 'instance_id': 'i-0caa72e9f9bf2b126', 'instance_type': 't2.micro', 'private_dns_name': 'ip-10-0-14-13.ec2.internal', 'private_ip_address': '10.0.14.13', 'public_dns_name': '', 'public_ip_address': '', 'subnet_id': 'subnet-08dcd85a7a59e5aba', 'vpc_id': 'vpc-014cde1049dfb74fd', 'placement': 'us-east-1a', 'tags': {'Name': 'ubuntu-docker-client-4'}}, {'image_id': 'ami-0261755bbcb8c4a84', 'instance_id': 'i-022acb22422298ad1', 'instance_type': 't2.micro', 'private_dns_name': 'ip-10-0-0-19.ec2.internal', 'private_ip_address': '10.0.0.19', 'public_dns_name': '', 'public_ip_address': '', 'subnet_id': 'subnet-08dcd85a7a59e5aba', 'vpc_id': 'vpc-014cde1049dfb74fd', 'placement': 'us-east-1a', 'tags': {'Name': 'Docker-agent-ubuntu-3'}}] has been store successfully
ec2_report_list_dict.py - 2023-08-05 21:16:37,037 - INFO - the report ec2_report_list_dict.csv has been generated successfully
ec2_report_list_dict.py - 2023-08-05 21:16:37,699 - INFO - the report instance_report.csv has been uploaded successfully
ec2_report_list_dict.py - 2023-08-05 21:16:38,147 - INFO - create alarm s3_upload_alarm to track metric NumberOfObjects in AWS/S3.
ec2_report_list_dict.py - 2023-08-05 21:16:38,543 - INFO - Created topic sns_s3_upload_topic with ARN arn:aws:sns:us-east-1:390683858216:sns_s3_upload_topic.
ec2_report_list_dict.py - 2023-08-05 21:16:38,696 - INFO - Subscribed email patrickstephane@gmail.com to topic arn:aws:sns:us-east-1:390683858216:sns_s3_upload_topic.
ec2_report_list_dict.py - 2023-08-05 21:16:38,787 - INFO - Subscribed sms +15105751778 to topic arn:aws:sns:us-east-1:390683858216:sns_s3_upload_topic.
ec2_report_list_dict.py - 2023-08-05 21:16:38,787 - INFO - Publishing message to SNS topic arn:aws:sns:us-east-1:390683858216:sns_s3_upload_topic with protocol sms and endpoint +15105751778
ec2_report_list_dict.py - 2023-08-05 21:16:38,884 - INFO - Successfully published message with ID 301de900-03c5-5fd8-9d7a-b4492320b9a8
ec2_report_list_dict.py - 2023-08-06 05:30:48,642 - INFO - our list is: Image ID: ami-0261755bbcb8c4a84
Instance ID: i-022acb22422298ad1
Instance Type: t2.micro
Private DNS Name: ip-10-0-0-19.ec2.internal
Private IP Address: 10.0.0.19
Public DNS Name: 
Public IP Address: 
Subnet ID: subnet-08dcd85a7a59e5aba
VPC ID: vpc-014cde1049dfb74fd
Placement: us-east-1a
Tags: Name: 'Docker-agent-ubuntu-3'
 has been store successfully
ec2_report_list_dict.py - 2023-08-06 05:33:01,602 - INFO - our list is: Image ID: ami-0261755bbcb8c4a84
Instance ID: i-022acb22422298ad1
Instance Type: t2.micro
Private DNS Name: ip-10-0-0-19.ec2.internal
Private IP Address: 10.0.0.19
Public DNS Name: 
Public IP Address: 
Subnet ID: subnet-08dcd85a7a59e5aba
VPC ID: vpc-014cde1049dfb74fd
Placement: us-east-1a
Tags: Name: 'Docker-agent-ubuntu-3'
 has been store successfully
